Arguments: 
  /usr/local/bin/node /home/monster/.npm-global/bin/yarn add --save-dev @angular/cli@latest

PATH: 
  /home/monster/anaconda3/bin:/home/monster/.pyenv/plugins/pyenv-virtualenv/shims:/home/monster/.pyenv/shims:/home/monster/.pyenv/bin:/home/monster/anaconda3/bin:/home/monster/.pyenv/plugins/pyenv-virtualenv/shims:/home/monster/.pyenv/shims:/home/monster/.pyenv/bin:/home/monster/.npm-global/bin:/home/monster/anaconda3/bin:/home/monster/.pyenv/plugins/pyenv-virtualenv/shims:/home/monster/.pyenv/shims:/home/monster/.pyenv/bin:/home/monster/anaconda3/bin:/home/monster/.pyenv/plugins/pyenv-virtualenv/shims:/home/monster/.pyenv/shims:/home/monster/.pyenv/bin:/usr/local/sbin:/usr/local/bin:/usr/sbin:/usr/bin:/sbin:/bin:/usr/games:/usr/local/games:/snap/bin

Yarn version: 
  1.5.1

Node version: 
  8.6.0

Platform: 
  linux x64

npm manifest: 
  {
      "name": "gateway",
      "version": "1.0.0",
      "description": "gateway",
      "main": "server.js",
      "scripts": {
          "start": "NODE_ENV=dev nodemon ./server/server.js --exec babel-node",
          "build": "babel server -d build",
          "clean": "rm -rf build",
          "rebuild": "npm run clean && npm run build ",
          "prod": "NODE_ENV=prod node ./build/server.js",
          "forever:start": "NODE_ENV=prod forever start -a ./build/server.js",
          "test": "mocha server/**/*.test.js",
          "test-watch": "nodemon --exec 'npm test'"
      },
      "engines": {
          "node": ">=v8.4.0"
      },
      "keywords": [],
      "author": "Asif",
      "license": "ISC",
      "dependencies": {
          "bcryptjs": "^2.4.3",
          "body-parser": "^1.17.2",
          "express": "^4.15.4",
          "express-session": "^1.15.6",
          "forever": "^0.15.3",
          "helmet": "^3.8.1",
          "jsonwebtoken": "^8.2.0",
          "lodash": "^4.17.4",
          "mongoose": "^4.11.9",
          "morgan": "^1.8.2",
          "passport": "^0.4.0",
          "passport-google-oauth": "^1.0.0",
          "passport-jwt": "^4.0.0",
          "redis": "^2.8.0"
      },
      "devDependencies": {
          "babel-cli": "^6.26.0",
          "babel-eslint": "^7.2.3",
          "babel-polyfill": "^6.26.0",
          "babel-preset-env": "^1.6.0",
          "babel-register": "^6.26.0",
          "eslint": "^4.5.0",
          "eslint-plugin-node": "^5.1.1",
          "expect": "^1.20.2",
          "mocha": "^3.5.0",
          "nodemon": "^1.11.0"
      }
  }

yarn manifest: 
  No manifest

Lockfile: 
  No lockfile

Trace: 
  Error: Missing list of packages to add to your project.
      at new MessageError (/home/monster/.npm-global/lib/node_modules/yarn/lib/cli.js:186:110)
      at Object.<anonymous> (/home/monster/.npm-global/lib/node_modules/yarn/lib/cli.js:40587:13)
      at Generator.next (<anonymous>)
      at step (/home/monster/.npm-global/lib/node_modules/yarn/lib/cli.js:98:30)
      at /home/monster/.npm-global/lib/node_modules/yarn/lib/cli.js:116:14
      at Promise (<anonymous>)
      at F (/home/monster/.npm-global/lib/node_modules/yarn/lib/cli.js:23451:28)
      at Object.<anonymous> (/home/monster/.npm-global/lib/node_modules/yarn/lib/cli.js:95:12)
      at Object.run (/home/monster/.npm-global/lib/node_modules/yarn/lib/cli.js:40599:19)
      at run (/home/monster/.npm-global/lib/node_modules/yarn/lib/cli.js:89113:20)
